#
# There is insufficient memory for the Java Runtime Environment to continue.
# Native memory allocation (mmap) failed to map 130023424 bytes for Failed to commit area from 0x0000000085400000 to 0x000000008d000000 of length 130023424.
# Possible reasons:
#   The system is out of physical RAM or swap space
#   The process is running with CompressedOops enabled, and the Java Heap may be blocking the growth of the native heap
# Possible solutions:
#   Reduce memory load on the system
#   Increase physical memory or swap space
#   Check if swap backing store is full
#   Decrease Java heap size (-Xmx/-Xms)
#   Decrease number of Java threads
#   Decrease Java thread stack sizes (-Xss)
#   Set larger code cache with -XX:ReservedCodeCacheSize=
# This output file may be truncated or incomplete.
#
#  Out of Memory Error (c:/BuildAgent/work/5ff2f6c26000d570/src/hotspot/os/windows/os_windows.cpp:3281), pid=11988, tid=16868
#
# JRE version:  (11.0.4+10) (build )
# Java VM: OpenJDK 64-Bit Server VM (11.0.4+10-b304.69, mixed mode, aot, sharing, tiered, compressed oops, g1 gc, windows-amd64)
# No core dump will be written. Minidumps are not enabled by default on client versions of Windows
#

---------------  S U M M A R Y ------------

Command Line: org.jetbrains.git4idea.http.GitAskPassApp Password for 'https://rasoulj@bitbucket.org': 

Host: Intel(R) Core(TM) i7-4712MQ CPU @ 2.30GHz, 8 cores, 7G,  Windows 10 , 64 bit Build 18362 (10.0.18362.1082)
Time: Thu Oct  8 12:57:29 2020 Iran Standard Time elapsed time: 0 seconds (0d 0h 0m 0s)

---------------  T H R E A D  ---------------

Current thread (0x000001a54e326000):  JavaThread "Unknown thread" [_thread_in_vm, id=16868, stack(0x0000000191600000,0x0000000191700000)]

Stack: [0x0000000191600000,0x0000000191700000]
Native frames: (J=compiled Java code, j=interpreted, Vv=VM code, C=native code)
V  [jvm.dll+0x5db31a]
V  [jvm.dll+0x70c395]
V  [jvm.dll+0x70d8b8]
V  [jvm.dll+0x70df83]
V  [jvm.dll+0x23dbb8]
V  [jvm.dll+0x5d8a74]
V  [jvm.dll+0x5cdb05]
V  [jvm.dll+0x2fa5bb]
V  [jvm.dll+0x2fa52a]
V  [jvm.dll+0x2fa402]
V  [jvm.dll+0x2ff2c6]
V  [jvm.dll+0x347893]
V  [jvm.dll+0x347f96]
V  [jvm.dll+0x347993]
V  [jvm.dll+0x2d4e28]
V  [jvm.dll+0x2d5fd7]
V  [jvm.dll+0x6eb717]
V  [jvm.dll+0x6ecf0c]
V  [jvm.dll+0x354fb9]
V  [jvm.dll+0x6d35be]
V  [jvm.dll+0x3bd673]
V  [jvm.dll+0x3bf9f1]
C  [java.exe+0x3763]
C  [java.exe+0x17a0c]
C  [KERNEL32.DLL+0x17bd4]
C  [ntdll.dll+0x6ce51]


---------------  P R O C E S S  ---------------

Threads class SMR info:
_java_thread_list=0x000001a54c9b89a0, length=0, elements={
}

Java Threads: ( => current thread )

Other Threads:
  0x000001a54e33d800 GCTaskThread "GC Thread#0" [stack: 0x0000000191700000,0x0000000191800000] [id=144]
  0x000001a54e36d000 ConcurrentGCThread "G1 Main Marker" [stack: 0x0000000191800000,0x0000000191900000] [id=21356]
  0x000001a54e36e800 ConcurrentGCThread "G1 Conc#0" [stack: 0x0000000191900000,0x0000000191a00000] [id=13416]

[error occurred during error reporting (printing all threads), id 0xc0000005, EXCEPTION_ACCESS_VIOLATION (0xc0000005) at pc=0x00007ff8b1e05727]

VM state:not at safepoint (not fully initialized)

VM Mutex/Monitor currently owned by a thread:  ([mutex/lock_event])
[0x000001a54e3236c0] Heap_lock - owner thread: 0x000001a54e326000

Heap address: 0x0000000085400000, size: 1964 MB, Compressed Oops mode: Non-zero based: 0x0000000085400000
Narrow klass base: 0x0000000000000000, Narrow klass shift: 0

GC Heap History (0 events):
No events

Deoptimization events (0 events):
No events

Classes redefined (0 events):
No events

Internal exceptions (0 events):
No events

Events (0 events):
No events


Dynamic libraries:
0x00007ff797440000 - 0x00007ff797487000 	C:\Program Files\JetBrains\WebStorm 2019.2.3\jbr\bin\java.exe
0x00007ff9136c0000 - 0x00007ff9138b0000 	C:\WINDOWS\SYSTEM32\ntdll.dll
0x00007ff9119b0000 - 0x00007ff911a62000 	C:\WINDOWS\System32\KERNEL32.DLL
0x00007ff910670000 - 0x00007ff910915000 	C:\WINDOWS\System32\KERNELBASE.dll
0x00007ff9125f0000 - 0x00007ff912785000 	C:\WINDOWS\System32\USER32.dll
0x00007ff9113f0000 - 0x00007ff911411000 	C:\WINDOWS\System32\win32u.dll
0x00007ff9124f0000 - 0x00007ff912516000 	C:\WINDOWS\System32\GDI32.dll
0x00007ff9114d0000 - 0x00007ff911666000 	C:\WINDOWS\System32\gdi32full.dll
0x00007ff9111f0000 - 0x00007ff91128e000 	C:\WINDOWS\System32\msvcp_win.dll
0x00007ff9112f0000 - 0x00007ff9113ea000 	C:\WINDOWS\System32\ucrtbase.dll
0x00007ff9002a0000 - 0x00007ff900524000 	C:\WINDOWS\WinSxS\amd64_microsoft.windows.common-controls_6595b64144ccf1df_6.0.18362.1082_none_9e8193e1e45b25c1\COMCTL32.dll
0x00007ff911c00000 - 0x00007ff911c9e000 	C:\WINDOWS\System32\msvcrt.dll
0x00007ff912010000 - 0x00007ff912345000 	C:\WINDOWS\System32\combase.dll
0x00007ff911ef0000 - 0x00007ff912010000 	C:\WINDOWS\System32\RPCRT4.dll
0x00007ff911420000 - 0x00007ff9114a0000 	C:\WINDOWS\System32\bcryptPrimitives.dll
0x00007ff911a70000 - 0x00007ff911a9e000 	C:\WINDOWS\System32\IMM32.DLL
0x00007ff909af0000 - 0x00007ff909b07000 	C:\Program Files\JetBrains\WebStorm 2019.2.3\jbr\bin\vcruntime140.dll
0x00007ff8fa450000 - 0x00007ff8fa4ed000 	C:\Program Files\JetBrains\WebStorm 2019.2.3\jbr\bin\msvcp140.dll
0x00007ff8b1b20000 - 0x00007ff8b25d8000 	C:\Program Files\JetBrains\WebStorm 2019.2.3\jbr\bin\server\jvm.dll
0x00007ff911b50000 - 0x00007ff911bf3000 	C:\WINDOWS\System32\ADVAPI32.dll
0x00007ff911ca0000 - 0x00007ff911d37000 	C:\WINDOWS\System32\sechost.dll
0x00007ff912430000 - 0x00007ff912438000 	C:\WINDOWS\System32\PSAPI.DLL
0x00007ff90e190000 - 0x00007ff90e1b4000 	C:\WINDOWS\SYSTEM32\WINMM.dll
0x00007ff905a50000 - 0x00007ff905a5a000 	C:\WINDOWS\SYSTEM32\VERSION.dll
0x00007ff90e160000 - 0x00007ff90e18d000 	C:\WINDOWS\SYSTEM32\winmmbase.dll
0x00007ff911670000 - 0x00007ff9116ba000 	C:\WINDOWS\System32\cfgmgr32.dll
0x00007ff8cf290000 - 0x00007ff8cf299000 	C:\WINDOWS\SYSTEM32\WSOCK32.dll
0x00007ff9123c0000 - 0x00007ff91242f000 	C:\WINDOWS\System32\ws2_32.DLL
0x00007ff910630000 - 0x00007ff910641000 	C:\WINDOWS\System32\kernel.appcore.dll
0x00007ff8b1b00000 - 0x00007ff8b1b11000 	C:\Program Files\JetBrains\WebStorm 2019.2.3\jbr\bin\verify.dll
0x00007ff8fada0000 - 0x00007ff8faf94000 	C:\WINDOWS\SYSTEM32\DBGHELP.DLL
0x00007ff8fafd0000 - 0x00007ff8faffa000 	C:\WINDOWS\SYSTEM32\dbgcore.DLL
0x00007ff8b1ad0000 - 0x00007ff8b1af9000 	C:\Program Files\JetBrains\WebStorm 2019.2.3\jbr\bin\java.dll
0x00007ff8b1a70000 - 0x00007ff8b1a87000 	C:\Program Files\JetBrains\WebStorm 2019.2.3\jbr\bin\zip.dll
0x00007ff8ce640000 - 0x00007ff8ce64b000 	C:\Program Files\JetBrains\WebStorm 2019.2.3\jbr\bin\jimage.dll

dbghelp: loaded successfully - version: 4.0.5 - missing functions: none
symbol engine: initialized successfully - sym options: 0x614 - pdb path: .;C:\Program Files\JetBrains\WebStorm 2019.2.3\jbr\bin;C:\WINDOWS\SYSTEM32;C:\WINDOWS\WinSxS\amd64_microsoft.windows.common-controls_6595b64144ccf1df_6.0.18362.1082_none_9e8193e1e45b25c1;C:\Program Files\JetBrains\WebStorm 2019.2.3\jbr\bin\server

VM Arguments:
java_command: org.jetbrains.git4idea.http.GitAskPassApp Password for 'https://rasoulj@bitbucket.org': 
java_class_path (initial): C:/Program Files/JetBrains/WebStorm 2019.2.3/plugins/git4idea/lib/git4idea-rt.jar;C:/Program Files/JetBrains/WebStorm 2019.2.3/lib/xmlrpc-2.0.1.jar;C:/Program Files/JetBrains/WebStorm 2019.2.3/lib/commons-codec-1.13.jar;C:/Program Files/JetBrains/WebStorm 2019.2.3/lib/util.jar
Launcher Type: SUN_STANDARD

[Global flags]
     intx CICompilerCount                          = 4                                         {product} {ergonomic}
     uint ConcGCThreads                            = 2                                         {product} {ergonomic}
     uint G1ConcRefinementThreads                  = 8                                         {product} {ergonomic}
   size_t G1HeapRegionSize                         = 1048576                                   {product} {ergonomic}
    uintx GCDrainStackTargetSize                   = 64                                        {product} {ergonomic}
   size_t InitialHeapSize                          = 130023424                                 {product} {ergonomic}
   size_t MarkStackSize                            = 4194304                                   {product} {ergonomic}
   size_t MaxHeapSize                              = 2059403264                                {product} {ergonomic}
   size_t MinHeapDeltaBytes                        = 1048576                                   {product} {ergonomic}
    uintx NonNMethodCodeHeapSize                   = 5835340                                {pd product} {ergonomic}
    uintx NonProfiledCodeHeapSize                  = 122911450                              {pd product} {ergonomic}
    uintx ProfiledCodeHeapSize                     = 122911450                              {pd product} {ergonomic}
    uintx ReservedCodeCacheSize                    = 251658240                              {pd product} {ergonomic}
     bool SegmentedCodeCache                       = true                                      {product} {ergonomic}
     bool UseCompressedClassPointers               = true                                 {lp64_product} {ergonomic}
     bool UseCompressedOops                        = true                                 {lp64_product} {ergonomic}
     bool UseG1GC                                  = true                                      {product} {ergonomic}
     bool UseLargePagesIndividualAllocation        = false                                  {pd product} {ergonomic}

Logging:
Log output configuration:
 #0: stdout all=warning uptime,level,tags
 #1: stderr all=off uptime,level,tags

Environment Variables:
JAVA_HOME=C:\Program Files\Java\jdk1.8.0_221
PATH=C:\Program Files\Git\mingw64\libexec\git-core;C:\Program Files\Git\mingw64\libexec\git-core;C:\Program Files\Git\mingw64\bin;C:\Program Files\Git\usr\bin;C:\Users\Rasoul Jafari\bin;C:\Program Files (x86)\Common Files\Oracle\Java\javapath;C:\Windows\system32;C:\Windows;C:\Windows\System32\Wbem;C:\Windows\System32\WindowsPowerShell\v1.0;C:\Program Files\nodejs;C:\Program Files (x86)\NVIDIA Corporation\PhysX\Common;G:\More\adt-bundle-windows-x86_64\sdk;G:\More\adt-bundle-windows-x86_64\sdk\platform-tools;C:\Program Files\Git\cmd;C:\WINDOWS\system32\config\systemprofile\.dnx\bin;C:\Program Files\Microsoft DNX\Dnvm;C:\Program Files\Microsoft SQL Server\120\Tools\Binn;C:\Program Files\Microsoft SQL Server\130\Tools\Binn;C:\WINDOWS\system32;C:\WINDOWS;C:\WINDOWS\System32\Wbem;C:\WINDOWS\System32\WindowsPowerShell\v1.0;C:\WINDOWS\System32\OpenSSH;C:\Users\Rasoul Jafari\AppData\Local\Programs\Python\Python38\Scripts;C:\Users\Rasoul Jafari\AppData\Local\Programs\Python\Python38;C:\src\flutter\bin;C:\Users\Rasoul Jafari\AppData\Local\Microsoft\WindowsApps;C:\Users\Rasoul Jafari\AppData\Roaming\npm;C:\Program Files\JetBrains\WebStorm 2019.2.3\bin;C:\Users\Rasoul Jafari\AppData\Local\Programs\Microsoft VS Code\bin
USERNAME=Rasoul Jafari
DISPLAY=:0.0
OS=Windows_NT
PROCESSOR_IDENTIFIER=Intel64 Family 6 Model 60 Stepping 3, GenuineIntel



---------------  S Y S T E M  ---------------

OS: Windows 10 , 64 bit Build 18362 (10.0.18362.1082)

CPU:total 8 (initial active 8) (4 cores per cpu, 2 threads per core) family 6 model 60 stepping 3, cmov, cx8, fxsr, mmx, sse, sse2, sse3, ssse3, sse4.1, sse4.2, popcnt, avx, avx2, aes, clmul, erms, lzcnt, ht, tsc, tscinvbit, bmi1, bmi2, fma

Memory: 4k page, system-wide physical 7852M (480M free)
TotalPageFile size 30057M (AvailPageFile size 120M)
current process WorkingSet (physical memory assigned to process): 9M, peak: 9M
current process commit charge ("private bytes"): 59M, peak: 183M

vm_info: OpenJDK 64-Bit Server VM (11.0.4+10-b304.69) for windows-amd64 JRE (11.0.4+10-b304.69), built on Sep  9 2019 11:39:50 by "" with MS VC++ 14.0 (VS2015)

END.
